This is pdfTeX, Version 3.14159265-2.6-1.40.18 (MiKTeX 2.9.6350 64-bit) (preloaded format=pdflatex 2018.8.28)  25 NOV 2018 17:01
entering extended mode
**./Part1&2&3.tex
(Part1&2&3.tex
LaTeX2e <2017-04-15>
Babel <3.10> and hyphenation patterns for 75 language(s) loaded.
("E:\SMU Programming\miktex\tex\latex\base\article.cls"
Document Class: article 2014/09/29 v1.4h Standard LaTeX document class
("E:\SMU Programming\miktex\tex\latex\base\size10.clo"
File: size10.clo 2014/09/29 v1.4h Standard LaTeX file (size option)
)
\c@part=\count79
\c@section=\count80
\c@subsection=\count81
\c@subsubsection=\count82
\c@paragraph=\count83
\c@subparagraph=\count84
\c@figure=\count85
\c@table=\count86
\abovecaptionskip=\skip41
\belowcaptionskip=\skip42
\bibindent=\dimen102
)
("E:\SMU Programming\miktex\tex\latex\amsmath\amsmath.sty"
Package: amsmath 2016/11/05 v2.16a AMS math features
\@mathmargin=\skip43

For additional information on amsmath, use the `?' option.
("E:\SMU Programming\miktex\tex\latex\amsmath\amstext.sty"
Package: amstext 2000/06/29 v2.01 AMS text

("E:\SMU Programming\miktex\tex\latex\amsmath\amsgen.sty"
File: amsgen.sty 1999/11/30 v2.0 generic functions
\@emptytoks=\toks14
\ex@=\dimen103
))
("E:\SMU Programming\miktex\tex\latex\amsmath\amsbsy.sty"
Package: amsbsy 1999/11/29 v1.2d Bold Symbols
\pmbraise@=\dimen104
)
("E:\SMU Programming\miktex\tex\latex\amsmath\amsopn.sty"
Package: amsopn 2016/03/08 v2.02 operator names
)
\inf@bad=\count87
LaTeX Info: Redefining \frac on input line 213.
\uproot@=\count88
\leftroot@=\count89
LaTeX Info: Redefining \overline on input line 375.
\classnum@=\count90
\DOTSCASE@=\count91
LaTeX Info: Redefining \ldots on input line 472.
LaTeX Info: Redefining \dots on input line 475.
LaTeX Info: Redefining \cdots on input line 596.
\Mathstrutbox@=\box26
\strutbox@=\box27
\big@size=\dimen105
LaTeX Font Info:    Redeclaring font encoding OML on input line 712.
LaTeX Font Info:    Redeclaring font encoding OMS on input line 713.
\macc@depth=\count92
\c@MaxMatrixCols=\count93
\dotsspace@=\muskip10
\c@parentequation=\count94
\dspbrk@lvl=\count95
\tag@help=\toks15
\row@=\count96
\column@=\count97
\maxfields@=\count98
\andhelp@=\toks16
\eqnshift@=\dimen106
\alignsep@=\dimen107
\tagshift@=\dimen108
\tagwidth@=\dimen109
\totwidth@=\dimen110
\lineht@=\dimen111
\@envbody=\toks17
\multlinegap=\skip44
\multlinetaggap=\skip45
\mathdisplay@stack=\toks18
LaTeX Info: Redefining \[ on input line 2817.
LaTeX Info: Redefining \] on input line 2818.
)
("E:\SMU Programming\miktex\tex\latex\amsfonts\amssymb.sty"
Package: amssymb 2013/01/14 v3.01 AMS font symbols

("E:\SMU Programming\miktex\tex\latex\amsfonts\amsfonts.sty"
Package: amsfonts 2013/01/14 v3.01 Basic AMSFonts support
\symAMSa=\mathgroup4
\symAMSb=\mathgroup5
LaTeX Font Info:    Overwriting math alphabet `\mathfrak' in version `bold'
(Font)                  U/euf/m/n --> U/euf/b/n on input line 106.
))
("E:\SMU Programming\miktex\tex\latex\parallel\parallel.sty"
Package: parallel 2003/04/13, setting two texts parallel (me)

`parallel': setting two texts parallel, (beta 4) 2003/04/13.
\ParallelLWidth=\dimen112
\ParallelRWidth=\dimen113
\ParallelTextWidth=\dimen114
\ParallelLeftMargin=\dimen115
\ParallelUserMidSkip=\dimen116
\ParallelMainMidSkip=\dimen117
\ParallelLBox=\box28
\ParallelRBox=\box29
\ParallelBoxVar=\box30
\ParallelLTok=\box31
\ParallelRTok=\box32
\ParallelBoolVar=\count99
\ParallelBoolMid=\count100
\ParallelWhichBox=\count101
\ParallelMainMode=\count102
\ParallelFNMode=\count103
\ParallelLFNCounter=\count104
\ParallelRFNCounter=\count105
\ParallelMaxFN=\count106
\ParallelFNNumMode=\count107
)
("E:\SMU Programming\miktex\tex\latex\tcolorbox\tcolorbox.sty"
Package: tcolorbox 2018/07/26 version 4.14 text color boxes

("E:\SMU Programming\miktex\tex\latex\pgf\basiclayer\pgf.sty"
("E:\SMU Programming\miktex\tex\latex\pgf\utilities\pgfrcs.sty"
("E:\SMU Programming\miktex\tex\generic\pgf\utilities\pgfutil-common.tex"
\pgfutil@everybye=\toks19
\pgfutil@tempdima=\dimen118
\pgfutil@tempdimb=\dimen119

("E:\SMU Programming\miktex\tex\generic\pgf\utilities\pgfutil-common-lists.tex"
)) ("E:\SMU Programming\miktex\tex\generic\pgf\utilities\pgfutil-latex.def"
\pgfutil@abb=\box33

("E:\SMU Programming\miktex\tex\latex\ms\everyshi.sty"
Package: everyshi 2001/05/15 v3.00 EveryShipout Package (MS)
))
("E:\SMU Programming\miktex\tex\generic\pgf\utilities\pgfrcs.code.tex"
Package: pgfrcs 2015/08/07 v3.0.1a (rcs-revision 1.31)
))
Package: pgf 2015/08/07 v3.0.1a (rcs-revision 1.15)

("E:\SMU Programming\miktex\tex\latex\pgf\basiclayer\pgfcore.sty"
("E:\SMU Programming\miktex\tex\latex\graphics\graphicx.sty"
Package: graphicx 2014/10/28 v1.0g Enhanced LaTeX Graphics (DPC,SPQR)

("E:\SMU Programming\miktex\tex\latex\graphics\keyval.sty"
Package: keyval 2014/10/28 v1.15 key=value parser (DPC)
\KV@toks@=\toks20
)
("E:\SMU Programming\miktex\tex\latex\graphics\graphics.sty"
Package: graphics 2017/04/14 v1.1b Standard LaTeX Graphics (DPC,SPQR)

("E:\SMU Programming\miktex\tex\latex\graphics\trig.sty"
Package: trig 2016/01/03 v1.10 sin cos tan (DPC)
)
("E:\SMU Programming\miktex\tex\latex\graphics-cfg\graphics.cfg"
File: graphics.cfg 2016/06/04 v1.11 sample graphics configuration
)
Package graphics Info: Driver file: pdftex.def on input line 99.

("E:\SMU Programming\miktex\tex\latex\graphics-def\pdftex.def"
File: pdftex.def 2017/01/12 v0.06k Graphics/color for pdfTeX

("E:\SMU Programming\miktex\tex\generic\oberdiek\infwarerr.sty"
Package: infwarerr 2016/05/16 v1.4 Providing info/warning/error messages (HO)
)
("E:\SMU Programming\miktex\tex\generic\oberdiek\ltxcmds.sty"
Package: ltxcmds 2016/05/16 v1.23 LaTeX kernel commands for general use (HO)
)
\Gread@gobject=\count108
))
\Gin@req@height=\dimen120
\Gin@req@width=\dimen121
)
("E:\SMU Programming\miktex\tex\latex\pgf\systemlayer\pgfsys.sty"
("E:\SMU Programming\miktex\tex\generic\pgf\systemlayer\pgfsys.code.tex"
Package: pgfsys 2014/07/09 v3.0.1a (rcs-revision 1.48)

("E:\SMU Programming\miktex\tex\generic\pgf\utilities\pgfkeys.code.tex"
\pgfkeys@pathtoks=\toks21
\pgfkeys@temptoks=\toks22

("E:\SMU Programming\miktex\tex\generic\pgf\utilities\pgfkeysfiltered.code.tex"
\pgfkeys@tmptoks=\toks23
))
\pgf@x=\dimen122
\pgf@y=\dimen123
\pgf@xa=\dimen124
\pgf@ya=\dimen125
\pgf@xb=\dimen126
\pgf@yb=\dimen127
\pgf@xc=\dimen128
\pgf@yc=\dimen129
\w@pgf@writea=\write3
\r@pgf@reada=\read1
\c@pgf@counta=\count109
\c@pgf@countb=\count110
\c@pgf@countc=\count111
\c@pgf@countd=\count112
\t@pgf@toka=\toks24
\t@pgf@tokb=\toks25
\t@pgf@tokc=\toks26
 ("E:\SMU Programming\miktex\tex\generic\pgf\systemlayer\pgf.cfg"
File: pgf.cfg 2008/05/14  (rcs-revision 1.7)
)
Driver file for pgf: pgfsys-pdftex.def

("E:\SMU Programming\miktex\tex\generic\pgf\systemlayer\pgfsys-pdftex.def"
File: pgfsys-pdftex.def 2014/10/11  (rcs-revision 1.35)

("E:\SMU Programming\miktex\tex\generic\pgf\systemlayer\pgfsys-common-pdf.def"
File: pgfsys-common-pdf.def 2013/10/10  (rcs-revision 1.13)
)))
("E:\SMU Programming\miktex\tex\generic\pgf\systemlayer\pgfsyssoftpath.code.tex
"
File: pgfsyssoftpath.code.tex 2013/09/09  (rcs-revision 1.9)
\pgfsyssoftpath@smallbuffer@items=\count113
\pgfsyssoftpath@bigbuffer@items=\count114
)
("E:\SMU Programming\miktex\tex\generic\pgf\systemlayer\pgfsysprotocol.code.tex
"
File: pgfsysprotocol.code.tex 2006/10/16  (rcs-revision 1.4)
)) ("E:\SMU Programming\miktex\tex\latex\xcolor\xcolor.sty"
Package: xcolor 2016/05/11 v2.12 LaTeX color extensions (UK)

("E:\SMU Programming\miktex\tex\latex\graphics-cfg\color.cfg"
File: color.cfg 2016/01/02 v1.6 sample color configuration
)
Package xcolor Info: Driver file: pdftex.def on input line 225.
Package xcolor Info: Model `cmy' substituted by `cmy0' on input line 1348.
Package xcolor Info: Model `hsb' substituted by `rgb' on input line 1352.
Package xcolor Info: Model `RGB' extended on input line 1364.
Package xcolor Info: Model `HTML' substituted by `rgb' on input line 1366.
Package xcolor Info: Model `Hsb' substituted by `hsb' on input line 1367.
Package xcolor Info: Model `tHsb' substituted by `hsb' on input line 1368.
Package xcolor Info: Model `HSB' substituted by `hsb' on input line 1369.
Package xcolor Info: Model `Gray' substituted by `gray' on input line 1370.
Package xcolor Info: Model `wave' substituted by `hsb' on input line 1371.
)
("E:\SMU Programming\miktex\tex\generic\pgf\basiclayer\pgfcore.code.tex"
Package: pgfcore 2010/04/11 v3.0.1a (rcs-revision 1.7)

("E:\SMU Programming\miktex\tex\generic\pgf\math\pgfmath.code.tex"
("E:\SMU Programming\miktex\tex\generic\pgf\math\pgfmathcalc.code.tex"
("E:\SMU Programming\miktex\tex\generic\pgf\math\pgfmathutil.code.tex")
("E:\SMU Programming\miktex\tex\generic\pgf\math\pgfmathparser.code.tex"
\pgfmath@dimen=\dimen130
\pgfmath@count=\count115
\pgfmath@box=\box34
\pgfmath@toks=\toks27
\pgfmath@stack@operand=\toks28
\pgfmath@stack@operation=\toks29
)
("E:\SMU Programming\miktex\tex\generic\pgf\math\pgfmathfunctions.code.tex"
("E:\SMU Programming\miktex\tex\generic\pgf\math\pgfmathfunctions.basic.code.te
x")
("E:\SMU Programming\miktex\tex\generic\pgf\math\pgfmathfunctions.trigonometric
.code.tex")
("E:\SMU Programming\miktex\tex\generic\pgf\math\pgfmathfunctions.random.code.t
ex")
("E:\SMU Programming\miktex\tex\generic\pgf\math\pgfmathfunctions.comparison.co
de.tex")
("E:\SMU Programming\miktex\tex\generic\pgf\math\pgfmathfunctions.base.code.tex
")
("E:\SMU Programming\miktex\tex\generic\pgf\math\pgfmathfunctions.round.code.te
x")
("E:\SMU Programming\miktex\tex\generic\pgf\math\pgfmathfunctions.misc.code.tex
")
("E:\SMU Programming\miktex\tex\generic\pgf\math\pgfmathfunctions.integerarithm
etics.code.tex")))
("E:\SMU Programming\miktex\tex\generic\pgf\math\pgfmathfloat.code.tex"
\c@pgfmathroundto@lastzeros=\count116
))
("E:\SMU Programming\miktex\tex\generic\pgf\basiclayer\pgfcorepoints.code.tex"
File: pgfcorepoints.code.tex 2013/10/07  (rcs-revision 1.27)
\pgf@picminx=\dimen131
\pgf@picmaxx=\dimen132
\pgf@picminy=\dimen133
\pgf@picmaxy=\dimen134
\pgf@pathminx=\dimen135
\pgf@pathmaxx=\dimen136
\pgf@pathminy=\dimen137
\pgf@pathmaxy=\dimen138
\pgf@xx=\dimen139
\pgf@xy=\dimen140
\pgf@yx=\dimen141
\pgf@yy=\dimen142
\pgf@zx=\dimen143
\pgf@zy=\dimen144
)
("E:\SMU Programming\miktex\tex\generic\pgf\basiclayer\pgfcorepathconstruct.cod
e.tex"
File: pgfcorepathconstruct.code.tex 2013/10/07  (rcs-revision 1.29)
\pgf@path@lastx=\dimen145
\pgf@path@lasty=\dimen146
)
("E:\SMU Programming\miktex\tex\generic\pgf\basiclayer\pgfcorepathusage.code.te
x"
File: pgfcorepathusage.code.tex 2014/11/02  (rcs-revision 1.24)
\pgf@shorten@end@additional=\dimen147
\pgf@shorten@start@additional=\dimen148
)
("E:\SMU Programming\miktex\tex\generic\pgf\basiclayer\pgfcorescopes.code.tex"
File: pgfcorescopes.code.tex 2015/05/08  (rcs-revision 1.46)
\pgfpic=\box35
\pgf@hbox=\box36
\pgf@layerbox@main=\box37
\pgf@picture@serial@count=\count117
)
("E:\SMU Programming\miktex\tex\generic\pgf\basiclayer\pgfcoregraphicstate.code
.tex"
File: pgfcoregraphicstate.code.tex 2014/11/02  (rcs-revision 1.12)
\pgflinewidth=\dimen149
)
("E:\SMU Programming\miktex\tex\generic\pgf\basiclayer\pgfcoretransformations.c
ode.tex"
File: pgfcoretransformations.code.tex 2015/08/07  (rcs-revision 1.20)
\pgf@pt@x=\dimen150
\pgf@pt@y=\dimen151
\pgf@pt@temp=\dimen152
)
("E:\SMU Programming\miktex\tex\generic\pgf\basiclayer\pgfcorequick.code.tex"
File: pgfcorequick.code.tex 2008/10/09  (rcs-revision 1.3)
)
("E:\SMU Programming\miktex\tex\generic\pgf\basiclayer\pgfcoreobjects.code.tex"
File: pgfcoreobjects.code.tex 2006/10/11  (rcs-revision 1.2)
)
("E:\SMU Programming\miktex\tex\generic\pgf\basiclayer\pgfcorepathprocessing.co
de.tex"
File: pgfcorepathprocessing.code.tex 2013/09/09  (rcs-revision 1.9)
)
("E:\SMU Programming\miktex\tex\generic\pgf\basiclayer\pgfcorearrows.code.tex"
File: pgfcorearrows.code.tex 2015/05/14  (rcs-revision 1.43)
\pgfarrowsep=\dimen153
) ("E:\SMU Programming\miktex\tex\generic\pgf\basiclayer\pgfcoreshade.code.tex"
File: pgfcoreshade.code.tex 2013/07/15  (rcs-revision 1.15)
\pgf@max=\dimen154
\pgf@sys@shading@range@num=\count118
) ("E:\SMU Programming\miktex\tex\generic\pgf\basiclayer\pgfcoreimage.code.tex"
File: pgfcoreimage.code.tex 2013/07/15  (rcs-revision 1.18)

("E:\SMU Programming\miktex\tex\generic\pgf\basiclayer\pgfcoreexternal.code.tex
"
File: pgfcoreexternal.code.tex 2014/07/09  (rcs-revision 1.21)
\pgfexternal@startupbox=\box38
))
("E:\SMU Programming\miktex\tex\generic\pgf\basiclayer\pgfcorelayers.code.tex"
File: pgfcorelayers.code.tex 2013/07/18  (rcs-revision 1.7)
)
("E:\SMU Programming\miktex\tex\generic\pgf\basiclayer\pgfcoretransparency.code
.tex"
File: pgfcoretransparency.code.tex 2013/09/30  (rcs-revision 1.5)
)
("E:\SMU Programming\miktex\tex\generic\pgf\basiclayer\pgfcorepatterns.code.tex
"
File: pgfcorepatterns.code.tex 2013/11/07  (rcs-revision 1.5)
)))
("E:\SMU Programming\miktex\tex\generic\pgf\modules\pgfmoduleshapes.code.tex"
File: pgfmoduleshapes.code.tex 2014/03/21  (rcs-revision 1.35)
\pgfnodeparttextbox=\box39
)
("E:\SMU Programming\miktex\tex\generic\pgf\modules\pgfmoduleplot.code.tex"
File: pgfmoduleplot.code.tex 2015/08/03  (rcs-revision 1.13)
)
("E:\SMU Programming\miktex\tex\latex\pgf\compatibility\pgfcomp-version-0-65.st
y"
Package: pgfcomp-version-0-65 2007/07/03 v3.0.1a (rcs-revision 1.7)
\pgf@nodesepstart=\dimen155
\pgf@nodesepend=\dimen156
)
("E:\SMU Programming\miktex\tex\latex\pgf\compatibility\pgfcomp-version-1-18.st
y"
Package: pgfcomp-version-1-18 2007/07/23 v3.0.1a (rcs-revision 1.1)
)) ("E:\SMU Programming\miktex\tex\latex\tools\verbatim.sty"
Package: verbatim 2014/10/28 v1.5q LaTeX2e package for verbatim enhancements
\every@verbatim=\toks30
\verbatim@line=\toks31
\verbatim@in@stream=\read2
)
("E:\SMU Programming\miktex\tex\latex\environ\environ.sty"
Package: environ 2014/05/04 v0.3 A new way to define environments

("E:\SMU Programming\miktex\tex\latex\trimspaces\trimspaces.sty"
Package: trimspaces 2009/09/17 v1.1 Trim spaces around a token list
))
("E:\SMU Programming\miktex\tex\latex\etoolbox\etoolbox.sty"
Package: etoolbox 2018/08/19 v2.5f e-TeX tools for LaTeX (JAW)
\etb@tempcnta=\count119
)
\tcb@titlebox=\box40
\tcb@upperbox=\box41
\tcb@lowerbox=\box42
\tcb@phantombox=\box43
\c@tcbbreakpart=\count120
\c@tcblayer=\count121
\tcolorbox@number=\count122
\tcb@temp=\box44
\tcb@temp=\box45
\tcb@temp=\box46
\tcb@temp=\box47
\tcb@out=\write4
\tcb@record@out=\write5

("E:\SMU Programming\miktex\tex\latex\tcolorbox\tcbraster.code.tex"
Library (tcolorbox): 'tcbraster.code.tex' version '4.14'
\c@tcbrastercolumn=\count123
\c@tcbrasterrow=\count124
\c@tcbraster=\count125
) ("E:\SMU Programming\miktex\tex\latex\tcolorbox\tcbskins.code.tex"
Library (tcolorbox): 'tcbskins.code.tex' version '4.14'
("E:\SMU Programming\miktex\tex\latex\pgf\frontendlayer\tikz.sty"
("E:\SMU Programming\miktex\tex\latex\pgf\utilities\pgffor.sty"
("E:\SMU Programming\miktex\tex\latex\pgf\utilities\pgfkeys.sty"
("E:\SMU Programming\miktex\tex\generic\pgf\utilities\pgfkeys.code.tex"))
("E:\SMU Programming\miktex\tex\latex\pgf\math\pgfmath.sty"
("E:\SMU Programming\miktex\tex\generic\pgf\math\pgfmath.code.tex"))
("E:\SMU Programming\miktex\tex\generic\pgf\utilities\pgffor.code.tex"
Package: pgffor 2013/12/13 v3.0.1a (rcs-revision 1.25)

("E:\SMU Programming\miktex\tex\generic\pgf\math\pgfmath.code.tex")
\pgffor@iter=\dimen157
\pgffor@skip=\dimen158
\pgffor@stack=\toks32
\pgffor@toks=\toks33
))
("E:\SMU Programming\miktex\tex\generic\pgf\frontendlayer\tikz\tikz.code.tex"
Package: tikz 2015/08/07 v3.0.1a (rcs-revision 1.151)

("E:\SMU Programming\miktex\tex\generic\pgf\libraries\pgflibraryplothandlers.co
de.tex"
File: pgflibraryplothandlers.code.tex 2013/08/31 v3.0.1a (rcs-revision 1.20)
\pgf@plot@mark@count=\count126
\pgfplotmarksize=\dimen159
)
\tikz@lastx=\dimen160
\tikz@lasty=\dimen161
\tikz@lastxsaved=\dimen162
\tikz@lastysaved=\dimen163
\tikzleveldistance=\dimen164
\tikzsiblingdistance=\dimen165
\tikz@figbox=\box48
\tikz@figbox@bg=\box49
\tikz@tempbox=\box50
\tikz@tempbox@bg=\box51
\tikztreelevel=\count127
\tikznumberofchildren=\count128
\tikznumberofcurrentchild=\count129
\tikz@fig@count=\count130

("E:\SMU Programming\miktex\tex\generic\pgf\modules\pgfmodulematrix.code.tex"
File: pgfmodulematrix.code.tex 2013/09/17  (rcs-revision 1.8)
\pgfmatrixcurrentrow=\count131
\pgfmatrixcurrentcolumn=\count132
\pgf@matrix@numberofcolumns=\count133
)
\tikz@expandcount=\count134

("E:\SMU Programming\miktex\tex\generic\pgf\frontendlayer\tikz\libraries\tikzli
brarytopaths.code.tex"
File: tikzlibrarytopaths.code.tex 2008/06/17 v3.0.1a (rcs-revision 1.2)
)))
\tcb@waterbox=\box52

("E:\SMU Programming\miktex\tex\latex\tcolorbox\tcbskinsjigsaw.code.tex"
Library (tcolorbox): 'tcbskinsjigsaw.code.tex' version '4.14'
)) ("E:\SMU Programming\miktex\tex\latex\tcolorbox\tcbbreakable.code.tex"
Library (tcolorbox): 'tcbbreakable.code.tex' version '4.14'
\tcb@testbox=\box53
\tcb@totalupperbox=\box54
\tcb@totallowerbox=\box55
) ("E:\SMU Programming\miktex\tex\latex\tcolorbox\tcbhooks.code.tex"
Library (tcolorbox): 'tcbhooks.code.tex' version '4.14'
) ("E:\SMU Programming\miktex\tex\latex\tcolorbox\tcbtheorems.code.tex"
Library (tcolorbox): 'tcbtheorems.code.tex' version '4.14'
) ("E:\SMU Programming\miktex\tex\latex\tcolorbox\tcbfitting.code.tex"
Library (tcolorbox): 'tcbfitting.code.tex' version '4.14'
\tcbfitdim=\dimen166
\tcb@lowerfitdim=\dimen167
\tcb@upperfitdim=\dimen168
\tcb@cur@hbadness=\count135
) ("E:\SMU Programming\miktex\tex\latex\tcolorbox\tcbxparse.code.tex"
Library (tcolorbox): 'tcbxparse.code.tex' version '4.14'
("E:\SMU Programming\miktex\tex\latex\l3packages\xparse\xparse.sty"
("E:\SMU Programming\miktex\tex\latex\l3kernel\expl3.sty"
Package: expl3 2018-11-19 L3 programming layer (loader) 

("E:\SMU Programming\miktex\tex\latex\l3kernel\expl3-code.tex"
Package: expl3 2018-11-19 L3 programming layer (code)
\c_max_int=\count136
\l_tmpa_int=\count137
\l_tmpb_int=\count138
\g_tmpa_int=\count139
\g_tmpb_int=\count140
\g__kernel_prg_map_int=\count141
\c_log_iow=\count142
\l_iow_line_count_int=\count143
\l__iow_line_target_int=\count144
\l__iow_one_indent_int=\count145
\l__iow_indent_int=\count146
\c_zero_dim=\dimen169
\c_max_dim=\dimen170
\l_tmpa_dim=\dimen171
\l_tmpb_dim=\dimen172
\g_tmpa_dim=\dimen173
\g_tmpb_dim=\dimen174
\c_zero_skip=\skip46
\c_max_skip=\skip47
\l_tmpa_skip=\skip48
\l_tmpb_skip=\skip49
\g_tmpa_skip=\skip50
\g_tmpb_skip=\skip51
\c_zero_muskip=\muskip11
\c_max_muskip=\muskip12
\l_tmpa_muskip=\muskip13
\l_tmpb_muskip=\muskip14
\g_tmpa_muskip=\muskip15
\g_tmpb_muskip=\muskip16
\l_keys_choice_int=\count147
\l__intarray_loop_int=\count148
\c__intarray_sp_dim=\dimen175
\g__intarray_font_int=\count149
\c__fp_leading_shift_int=\count150
\c__fp_middle_shift_int=\count151
\c__fp_trailing_shift_int=\count152
\c__fp_big_leading_shift_int=\count153
\c__fp_big_middle_shift_int=\count154
\c__fp_big_trailing_shift_int=\count155
\c__fp_Bigg_leading_shift_int=\count156
\c__fp_Bigg_middle_shift_int=\count157
\c__fp_Bigg_trailing_shift_int=\count158
\c__kernel_randint_max_int=\count159
\g__fp_array_int=\count160
\l__fp_array_loop_int=\count161
\l__sort_length_int=\count162
\l__sort_min_int=\count163
\l__sort_top_int=\count164
\l__sort_max_int=\count165
\l__sort_true_max_int=\count166
\l__sort_block_int=\count167
\l__sort_begin_int=\count168
\l__sort_end_int=\count169
\l__sort_A_int=\count170
\l__sort_B_int=\count171
\l__sort_C_int=\count172
\l__tl_analysis_normal_int=\count173
\l__tl_analysis_index_int=\count174
\l__tl_analysis_nesting_int=\count175
\l__tl_analysis_type_int=\count176
\l__regex_internal_a_int=\count177
\l__regex_internal_b_int=\count178
\l__regex_internal_c_int=\count179
\l__regex_balance_int=\count180
\l__regex_group_level_int=\count181
\l__regex_mode_int=\count182
\c__regex_cs_in_class_mode_int=\count183
\c__regex_cs_mode_int=\count184
\l__regex_catcodes_int=\count185
\l__regex_default_catcodes_int=\count186
\c__regex_catcode_D_int=\count187
\c__regex_catcode_S_int=\count188
\c__regex_catcode_L_int=\count189
\c__regex_catcode_O_int=\count190
\c__regex_catcode_A_int=\count191
\c__regex_all_catcodes_int=\count192
\l__regex_show_lines_int=\count193
\l__regex_min_state_int=\count194
\l__regex_max_state_int=\count195
\l__regex_left_state_int=\count196
\l__regex_right_state_int=\count197
\l__regex_capturing_group_int=\count198
\l__regex_min_pos_int=\count199
\l__regex_max_pos_int=\count266
\l__regex_curr_pos_int=\count267
\l__regex_start_pos_int=\count268
\l__regex_success_pos_int=\count269
\l__regex_curr_char_int=\count270
\l__regex_curr_catcode_int=\count271
\l__regex_last_char_int=\count272
\l__regex_case_changed_char_int=\count273
\l__regex_curr_state_int=\count274
\l__regex_step_int=\count275
\l__regex_min_active_int=\count276
\l__regex_max_active_int=\count277
\l__regex_replacement_csnames_int=\count278
\l__regex_match_count_int=\count279
\l__regex_min_submatch_int=\count280
\l__regex_submatch_int=\count281
\l__regex_zeroth_submatch_int=\count282
\g__regex_trace_regex_int=\count283
\c_empty_box=\box56
\l_tmpa_box=\box57
\l_tmpb_box=\box58
\g_tmpa_box=\box59
\g_tmpb_box=\box60
\l__box_top_dim=\dimen176
\l__box_bottom_dim=\dimen177
\l__box_left_dim=\dimen178
\l__box_right_dim=\dimen179
\l__box_top_new_dim=\dimen180
\l__box_bottom_new_dim=\dimen181
\l__box_left_new_dim=\dimen182
\l__box_right_new_dim=\dimen183
\l__box_internal_box=\box61
\l__coffin_internal_box=\box62
\l__coffin_internal_dim=\dimen184
\l__coffin_offset_x_dim=\dimen185
\l__coffin_offset_y_dim=\dimen186
\l__coffin_x_dim=\dimen187
\l__coffin_y_dim=\dimen188
\l__coffin_x_prime_dim=\dimen189
\l__coffin_y_prime_dim=\dimen190
\c_empty_coffin=\box63
\l__coffin_aligned_coffin=\box64
\l__coffin_aligned_internal_coffin=\box65
\l_tmpa_coffin=\box66
\l_tmpb_coffin=\box67
\l__coffin_display_coffin=\box68
\l__coffin_display_coord_coffin=\box69
\l__coffin_display_pole_coffin=\box70
\l__coffin_display_offset_dim=\dimen191
\l__coffin_display_x_dim=\dimen192
\l__coffin_display_y_dim=\dimen193
\g__file_internal_ior=\read3
\l__coffin_bounding_shift_dim=\dimen194
\l__coffin_left_corner_dim=\dimen195
\l__coffin_right_corner_dim=\dimen196
\l__coffin_bottom_corner_dim=\dimen197
\l__coffin_top_corner_dim=\dimen198
\l__coffin_scaled_total_height_dim=\dimen199
\l__coffin_scaled_width_dim=\dimen256
\l__seq_internal_a_int=\count284
\l__seq_internal_b_int=\count285
)
("E:\SMU Programming\miktex\tex\latex\l3kernel\l3pdfmode.def"
File: l3pdfmode.def 2018-11-19 v L3 Experimental driver: PDF mode
\l__driver_color_stack_int=\count286
))
Package: xparse 2018-10-17 L3 Experimental document command parser
\l__xparse_current_arg_int=\count287
\g__xparse_grabber_int=\count288
\l__xparse_m_args_int=\count289
\l__xparse_mandatory_args_int=\count290
\l__xparse_v_nesting_int=\count291
))
("E:\SMU Programming\miktex\tex\latex\tcolorbox\tcblistingsutf8.code.tex"
Library (tcolorbox): 'tcblistingsutf8.code.tex' version '4.14'
("E:\SMU Programming\miktex\tex\latex\oberdiek\listingsutf8.sty"
Package: listingsutf8 2016/05/16 v1.3 Allow UTF-8 in listings input (HO)

("E:\SMU Programming\miktex\tex\latex\listings\listings.sty"
\lst@mode=\count292
\lst@gtempboxa=\box71
\lst@token=\toks34
\lst@length=\count293
\lst@currlwidth=\dimen257
\lst@column=\count294
\lst@pos=\count295
\lst@lostspace=\dimen258
\lst@width=\dimen259
\lst@newlines=\count296
\lst@lineno=\count297
\lst@maxwidth=\dimen260

("E:\SMU Programming\miktex\tex\latex\listings\lstmisc.sty"
File: lstmisc.sty 2018/09/02 1.7 (Carsten Heinz)
\c@lstnumber=\count298
\lst@skipnumbers=\count299
\lst@framebox=\box72
)
("E:\SMU Programming\miktex\tex\latex\listings\listings.cfg"
File: listings.cfg 2018/09/02 1.7 listings configuration
))
Package: listings 2018/09/02 1.7 (Carsten Heinz)

("E:\SMU Programming\miktex\tex\generic\oberdiek\pdftexcmds.sty"
Package: pdftexcmds 2017/03/19 v0.25 Utility functions of pdfTeX for LuaTeX (HO
)

("E:\SMU Programming\miktex\tex\generic\oberdiek\ifluatex.sty"
Package: ifluatex 2016/05/16 v1.4 Provides the ifluatex switch (HO)
Package ifluatex Info: LuaTeX not detected.
)
("E:\SMU Programming\miktex\tex\generic\oberdiek\ifpdf.sty"
Package: ifpdf 2017/03/15 v3.2 Provides the ifpdf switch
)
Package pdftexcmds Info: LuaTeX not detected.
Package pdftexcmds Info: \pdf@primitive is available.
Package pdftexcmds Info: \pdf@ifprimitive is available.
Package pdftexcmds Info: \pdfdraftmode found.
)
("E:\SMU Programming\miktex\tex\generic\oberdiek\stringenc.sty"
Package: stringenc 2016/05/16 v1.11 Convert strings between diff. encodings (HO
)

("E:\SMU Programming\miktex\tex\generic\oberdiek\pdfescape.sty"
Package: pdfescape 2016/05/16 v1.14 Implements pdfTeX's escape features (HO)
)))
("E:\SMU Programming\miktex\tex\latex\tcolorbox\tcblistings.code.tex"
Library (tcolorbox): 'tcblistings.code.tex' version '4.14'
("E:\SMU Programming\miktex\tex\latex\tcolorbox\tcblistingscore.code.tex"
Library (tcolorbox): 'tcblistingscore.code.tex' version '4.14'
("E:\SMU Programming\miktex\tex\latex\tcolorbox\tcbprocessing.code.tex"
Library (tcolorbox): 'tcbprocessing.code.tex' version '4.14'
("E:\SMU Programming\miktex\tex\latex\tools\shellesc.sty"
Package: shellesc 2016/06/07 v0.02a unified shell escape interface for LaTeX
Package shellesc Info: Restricted shell escape enabled on input line 69.
))
\c@tcblisting=\count300
)))
("E:\SMU Programming\miktex\tex\latex\tcolorbox\tcbexternal.code.tex"
Library (tcolorbox): 'tcbexternal.code.tex' version '4.14'
) ("E:\SMU Programming\miktex\tex\latex\tcolorbox\tcbmagazine.code.tex"
Library (tcolorbox): 'tcbmagazine.code.tex' version '4.14'
) ("E:\SMU Programming\miktex\tex\latex\tcolorbox\tcbvignette.code.tex"
Library (tcolorbox): 'tcbvignette.code.tex' version '4.14'

("E:\SMU Programming\miktex\tex\generic\pgf\frontendlayer\tikz\libraries\tikzli
braryfadings.code.tex"
File: tikzlibraryfadings.code.tex 2009/11/15 v3.0.1a (rcs-revision 1.2)

("E:\SMU Programming\miktex\tex\generic\pgf\libraries\pgflibraryfadings.code.te
x"
File: pgflibraryfadings.code.tex 2008/02/07 v3.0.1a (rcs-revision 1.3)
))) ("E:\SMU Programming\miktex\tex\latex\tcolorbox\tcbposter.code.tex"
Library (tcolorbox): 'tcbposter.code.tex' version '4.14'
)) ("E:\SMU Programming\miktex\tex\latex\amscls\amsthm.sty"
Package: amsthm 2015/03/04 v2.20.2
\thm@style=\toks35
\thm@bodyfont=\toks36
\thm@headfont=\toks37
\thm@notefont=\toks38
\thm@headpunct=\toks39
\thm@preskip=\skip52
\thm@postskip=\skip53
\thm@headsep=\skip54
\dth@everypar=\toks40
)
("E:\SMU Programming\miktex\tex\latex\geometry\geometry.sty"
Package: geometry 2010/09/12 v5.6 Page Geometry

("E:\SMU Programming\miktex\tex\generic\oberdiek\ifvtex.sty"
Package: ifvtex 2016/05/16 v1.6 Detect VTeX and its facilities (HO)
Package ifvtex Info: VTeX not detected.
)
("E:\SMU Programming\miktex\tex\generic\ifxetex\ifxetex.sty"
Package: ifxetex 2010/09/12 v0.6 Provides ifxetex conditional
)
\Gm@cnth=\count301
\Gm@cntv=\count302
\c@Gm@tempcnt=\count303
\Gm@bindingoffset=\dimen261
\Gm@wd@mp=\dimen262
\Gm@odd@mp=\dimen263
\Gm@even@mp=\dimen264
\Gm@layoutwidth=\dimen265
\Gm@layoutheight=\dimen266
\Gm@layouthoffset=\dimen267
\Gm@layoutvoffset=\dimen268
\Gm@dimlist=\toks41

("E:\SMU Programming\miktex\tex\latex\geometry\geometry.cfg")) (Part1&2&3.aux)
\openout1 = `Part1&2&3.aux'.

LaTeX Font Info:    Checking defaults for OML/cmm/m/it on input line 21.
LaTeX Font Info:    ... okay on input line 21.
LaTeX Font Info:    Checking defaults for T1/cmr/m/n on input line 21.
LaTeX Font Info:    ... okay on input line 21.
LaTeX Font Info:    Checking defaults for OT1/cmr/m/n on input line 21.
LaTeX Font Info:    ... okay on input line 21.
LaTeX Font Info:    Checking defaults for OMS/cmsy/m/n on input line 21.
LaTeX Font Info:    ... okay on input line 21.
LaTeX Font Info:    Checking defaults for OMX/cmex/m/n on input line 21.
LaTeX Font Info:    ... okay on input line 21.
LaTeX Font Info:    Checking defaults for U/cmr/m/n on input line 21.
LaTeX Font Info:    ... okay on input line 21.

ABD: EveryShipout initializing macros
("E:\SMU Programming\miktex\tex\context\base\supp-pdf.mkii"
[Loading MPS to PDF converter (version 2006.09.02).]
\scratchcounter=\count304
\scratchdimen=\dimen269
\scratchbox=\box73
\nofMPsegments=\count305
\nofMParguments=\count306
\everyMPshowfont=\toks42
\MPscratchCnt=\count307
\MPscratchDim=\dimen270
\MPnumerator=\count308
\makeMPintoPDFobject=\count309
\everyMPtoPDFconversion=\toks43
) ("E:\SMU Programming\miktex\tex\latex\oberdiek\epstopdf-base.sty"
Package: epstopdf-base 2016/05/15 v2.6 Base part for package epstopdf

("E:\SMU Programming\miktex\tex\latex\oberdiek\grfext.sty"
Package: grfext 2016/05/16 v1.2 Manage graphics extensions (HO)

("E:\SMU Programming\miktex\tex\generic\oberdiek\kvdefinekeys.sty"
Package: kvdefinekeys 2016/05/16 v1.4 Define keys (HO)
))
("E:\SMU Programming\miktex\tex\latex\oberdiek\kvoptions.sty"
Package: kvoptions 2016/05/16 v3.12 Key value format for package options (HO)

("E:\SMU Programming\miktex\tex\generic\oberdiek\kvsetkeys.sty"
Package: kvsetkeys 2016/05/16 v1.17 Key value parser (HO)

("E:\SMU Programming\miktex\tex\generic\oberdiek\etexcmds.sty"
Package: etexcmds 2016/05/16 v1.6 Avoid name clashes with e-TeX commands (HO)
Package etexcmds Info: Could not find \expanded.
(etexcmds)             That can mean that you are not using pdfTeX 1.50 or
(etexcmds)             that some package has redefined \expanded.
(etexcmds)             In the latter case, load this package earlier.
)))
Package epstopdf-base Info: Redefining graphics rule for `.eps' on input line 4
38.
Package grfext Info: Graphics extension search list:
(grfext)             [.png,.pdf,.jpg,.mps,.jpeg,.jbig2,.jb2,.PNG,.PDF,.JPG,.JPE
G,.JBIG2,.JB2,.eps]
(grfext)             \AppendGraphicsExtensions on input line 456.
)
\c@lstlisting=\count310

("E:\SMU Programming\miktex\tex\latex\base\inputenc.sty"
Package: inputenc 2015/03/17 v1.2c Input encoding file
\inpenc@prehook=\toks44
\inpenc@posthook=\toks45
)
*geometry* driver: auto-detecting
*geometry* detected driver: pdftex
*geometry* verbose mode - [ preamble ] result:
* driver: pdftex
* paper: a4paper
* layout: <same size as paper>
* layoutoffset:(h,v)=(0.0pt,0.0pt)
* modes: heightrounded 
* h-part:(L,W,R)=(51.21504pt, 495.07779pt, 51.21504pt)
* v-part:(T,H,B)=(42.67912pt, 759.6886pt, 42.67912pt)
* \paperwidth=597.50787pt
* \paperheight=845.04684pt
* \textwidth=495.07779pt
* \textheight=754.0pt
* \oddsidemargin=-21.05495pt
* \evensidemargin=-21.05495pt
* \topmargin=-66.59087pt
* \headheight=12.0pt
* \headsep=25.0pt
* \topskip=10.0pt
* \footskip=30.0pt
* \marginparwidth=65.0pt
* \marginparsep=11.0pt
* \columnsep=10.0pt
* \skip\footins=9.0pt plus 4.0pt minus 2.0pt
* \hoffset=0.0pt
* \voffset=0.0pt
* \mag=1000
* \@twocolumnfalse
* \@twosidefalse
* \@mparswitchfalse
* \@reversemarginfalse
* (1in=72.27pt=25.4mm, 1cm=28.453pt)

LaTeX Font Info:    Try loading font information for U+msa on input line 29.
("E:\SMU Programming\miktex\tex\latex\amsfonts\umsa.fd"
File: umsa.fd 2013/01/14 v3.01 AMS symbols A
)
LaTeX Font Info:    Try loading font information for U+msb on input line 29.

("E:\SMU Programming\miktex\tex\latex\amsfonts\umsb.fd"
File: umsb.fd 2013/01/14 v3.01 AMS symbols B
)
Missing character: There is no Ã in font cmr10!
Missing character: There is no ´ in font cmr10!

Underfull \hbox (badness 10000) in paragraph at lines 28--32

 []


Underfull \hbox (badness 10000) in paragraph at lines 28--32

 []


Underfull \hbox (badness 10000) in paragraph at lines 28--32

 []


Underfull \hbox (badness 10000) in paragraph at lines 54--59

 []


Underfull \hbox (badness 3439) in paragraph at lines 54--59
\OT1/cmr/m/n/10 As a re-sult, the rel-a-tive price pro-cess is
 []


Underfull \hbox (badness 1087) in paragraph at lines 54--59
\OT1/cmr/m/n/10 turned into a mar-tin-gale as the as-set price
 []


Underfull \hbox (badness 10000) in paragraph at lines 54--59

 []


Underfull \hbox (badness 6380) in paragraph at lines 54--59
\OT1/cmr/m/n/10 With the stock price pro-cess (dis-counted
 []


Overfull \hbox (2.22221pt too wide) in paragraph at lines 26--62
[] [] 
 []


Underfull \hbox (badness 10000) in paragraph at lines 26--62

 []


Underfull \hbox (badness 10000) in paragraph at lines 70--73

 []

[1

{C:/ProgramData/MiKTeX/2.9/pdftex/config/pdftex.map}]
Missing character: There is no Ã in font cmr10!
Missing character: There is no ´ in font cmr10!

Underfull \hbox (badness 10000) in paragraph at lines 98--103

 []


Underfull \hbox (badness 10000) in paragraph at lines 98--103

 []


Underfull \hbox (badness 10000) in paragraph at lines 98--103

 []


Underfull \hbox (badness 10000) in paragraph at lines 98--103

 []


Underfull \hbox (badness 10000) in paragraph at lines 125--129

 []


Underfull \hbox (badness 10000) in paragraph at lines 125--129

 []


Underfull \hbox (badness 2837) in paragraph at lines 125--129
\OT1/cmr/m/n/10 Also, when us-ing the Black76 model, the
 []


Overfull \hbox (2.22221pt too wide) in paragraph at lines 96--131
[] [] 
 []


Underfull \hbox (badness 10000) in paragraph at lines 96--131

 []


Underfull \hbox (badness 10000) in paragraph at lines 141--144

 []

[2]
Underfull \hbox (badness 10000) in paragraph at lines 170--174

 []


Underfull \hbox (badness 10000) in paragraph at lines 170--174

 []


Underfull \hbox (badness 10000) in paragraph at lines 170--174

 []


Underfull \hbox (badness 10000) in paragraph at lines 178--181

 []


Underfull \hbox (badness 10000) in paragraph at lines 190--194

 []


Underfull \hbox (badness 10000) in paragraph at lines 190--194

 []


Underfull \hbox (badness 10000) in paragraph at lines 190--194

 []


Underfull \hbox (badness 10000) in paragraph at lines 198--201

 []


Underfull \hbox (badness 10000) in paragraph at lines 167--208

 []


Overfull \hbox (2.22221pt too wide) in paragraph at lines 167--208
[] [] 
 []


Underfull \hbox (badness 10000) in paragraph at lines 167--208

 []


Underfull \hbox (badness 10000) in paragraph at lines 209--211

 []


Underfull \hbox (badness 10000) in paragraph at lines 220--223

 []

[3]
Missing character: There is no Ã in font cmr10!
Missing character: There is no ´ in font cmr10!

Underfull \hbox (badness 10000) in paragraph at lines 248--252

 []


Underfull \hbox (badness 10000) in paragraph at lines 248--252

 []


Underfull \hbox (badness 10000) in paragraph at lines 248--252

 []


Underfull \hbox (badness 10000) in paragraph at lines 257--259

 []


Overfull \hbox (8.39293pt too wide) in paragraph at lines 265--265
[] 
 []


Underfull \hbox (badness 10000) in paragraph at lines 271--273

 []


Underfull \hbox (badness 2662) in paragraph at lines 271--273
\OT1/cmr/m/n/10 placed Dif-fu-sion (DD) model when
 []


Underfull \hbox (badness 10000) in paragraph at lines 281--284

 []


Underfull \hbox (badness 4927) in paragraph at lines 281--284
\OT1/cmr/m/n/10 The DD model al-lows for op-tion
 []


Underfull \hbox (badness 3690) in paragraph at lines 281--284
\OT1/cmr/m/n/10 val-u-a-tions us-ing a "blend" of the
 []


Underfull \hbox (badness 1546) in paragraph at lines 281--284
\OT1/cmr/m/n/10 with the ob-served volatil-ity "smile"
 []


Overfull \hbox (2.2222pt too wide) in paragraph at lines 246--286
[] [] 
 []


Underfull \hbox (badness 10000) in paragraph at lines 246--286

 []


Underfull \hbox (badness 10000) in paragraph at lines 287--289

 []

[4]
LaTeX Font Info:    Try loading font information for OMS+cmr on input line 335.

 ("E:\SMU Programming\miktex\tex\latex\base\omscmr.fd"
File: omscmr.fd 2014/09/29 v2.5h Standard LaTeX font definitions
)
LaTeX Font Info:    Font shape `OMS/cmr/m/n' in size <10> not available
(Font)              Font shape `OMS/cmsy/m/n' tried instead on input line 335.

<DD.png, id=74, 722.7pt x 361.35pt>
File: DD.png Graphic file (type png)
 <use DD.png>
Package pdftex.def Info: DD.png used on input line 340.
(pdftex.def)             Requested size: 495.07779pt x 247.5398pt.

Underfull \hbox (badness 10000) in paragraph at lines 343--349

 []


Underfull \hbox (badness 10000) in paragraph at lines 343--349

 []


Underfull \hbox (badness 10000) in paragraph at lines 343--349

 []

<SABR.png, id=76, 722.7pt x 361.35pt>
File: SABR.png Graphic file (type png)
 <use SABR.png>
Package pdftex.def Info: SABR.png used on input line 362.
(pdftex.def)             Requested size: 495.07779pt x 247.5398pt.

Underfull \hbox (badness 10000) in paragraph at lines 365--367

 []

<SABR-All.png, id=77, 867.24pt x 289.08pt>
File: SABR-All.png Graphic file (type png)
 <use SABR-All.png>
Package pdftex.def Info: SABR-All.png used on input line 371.
(pdftex.def)             Requested size: 495.07779pt x 165.02873pt.

Underfull \hbox (badness 10000) in paragraph at lines 374--380

 []


Underfull \hbox (badness 10000) in paragraph at lines 374--380

 []


Underfull \hbox (badness 10000) in paragraph at lines 374--380

 []

[5 <./DD.png>]
Underfull \hbox (badness 10000) in paragraph at lines 386--390

 []


Underfull \hbox (badness 10000) in paragraph at lines 412--416

 []


Underfull \hbox (badness 10000) in paragraph at lines 412--416

 []


Underfull \hbox (badness 10000) in paragraph at lines 412--416

 []


Underfull \hbox (badness 10000) in paragraph at lines 412--416

 []


Underfull \hbox (badness 10000) in paragraph at lines 412--416

 []


Underfull \hbox (badness 10000) in paragraph at lines 420--423

 []


Underfull \hbox (badness 10000) in paragraph at lines 442--446

 []


Underfull \hbox (badness 3128) in paragraph at lines 442--446
\OT1/cmr/m/n/10 The Bache-lier model also uses a con-stant
 []


Underfull \hbox (badness 10000) in paragraph at lines 442--446

 []


Underfull \hbox (badness 10000) in paragraph at lines 442--446

 []


Underfull \hbox (badness 10000) in paragraph at lines 442--446

 []


Underfull \hbox (badness 10000) in paragraph at lines 442--446

 []


Overfull \hbox (2.22221pt too wide) in paragraph at lines 384--469
[] [] 
 []


Overfull \hbox (2.22221pt too wide) in paragraph at lines 384--469
[] [] 
 []


Overfull \hbox (2.22221pt too wide) in paragraph at lines 384--469
[] [] 
 []

[6 <./SABR.png> <./SABR-All.png>]
Underfull \hbox (badness 10000) in paragraph at lines 479--481

 []


Underfull \hbox (badness 10000) in paragraph at lines 479--481

 []


Underfull \hbox (badness 6493) in paragraph at lines 494--495
\OT1/cmr/m/n/10 Using the Static-replication ap-proach, the
 []


Overfull \hbox (2.22221pt too wide) in paragraph at lines 471--497
[] [] 
 []

[7] [8] (Part1&2&3.aux) ) 
Here is how much of TeX's memory you used:
 28169 strings out of 493323
 580469 string characters out of 3139931
 657171 words of memory out of 3000000
 31331 multiletter control sequences out of 15000+200000
 539251 words of font info for 50 fonts, out of 3000000 for 9000
 1141 hyphenation exceptions out of 8191
 63i,19n,101p,923b,495s stack positions out of 5000i,500n,10000p,200000b,50000s
<E:/SMU Programming/miktex/fonts/type1/public/amsfonts
/cm/cmbsy10.pfb><E:/SMU Programming/miktex/fonts/type1/public/amsfonts/cmextra/
cmbsy7.pfb><E:/SMU Programming/miktex/fonts/type1/public/amsfonts/cm/cmbx10.pfb
><E:/SMU Programming/miktex/fonts/type1/public/amsfonts/cm/cmbx12.pfb><E:/SMU P
rogramming/miktex/fonts/type1/public/amsfonts/cm/cmbx5.pfb><E:/SMU Programming/
miktex/fonts/type1/public/amsfonts/cm/cmbx7.pfb><E:/SMU Programming/miktex/font
s/type1/public/amsfonts/cm/cmex10.pfb><E:/SMU Programming/miktex/fonts/type1/pu
blic/amsfonts/cmextra/cmex7.pfb><E:/SMU Programming/miktex/fonts/type1/public/a
msfonts/cm/cmmi10.pfb><E:/SMU Programming/miktex/fonts/type1/public/amsfonts/cm
/cmmi12.pfb><E:/SMU Programming/miktex/fonts/type1/public/amsfonts/cm/cmmi5.pfb
><E:/SMU Programming/miktex/fonts/type1/public/amsfonts/cm/cmmi7.pfb><E:/SMU Pr
ogramming/miktex/fonts/type1/public/amsfonts/cm/cmmib10.pfb><E:/SMU Programming
/miktex/fonts/type1/public/amsfonts/cmextra/cmmib5.pfb><E:/SMU Programming/mikt
ex/fonts/type1/public/amsfonts/cmextra/cmmib7.pfb><E:/SMU Programming/miktex/fo
nts/type1/public/amsfonts/cm/cmr10.pfb><E:/SMU Programming/miktex/fonts/type1/p
ublic/amsfonts/cm/cmr12.pfb><E:/SMU Programming/miktex/fonts/type1/public/amsfo
nts/cm/cmr5.pfb><E:/SMU Programming/miktex/fonts/type1/public/amsfonts/cm/cmr7.
pfb><E:/SMU Programming/miktex/fonts/type1/public/amsfonts/cm/cmsy10.pfb><E:/SM
U Programming/miktex/fonts/type1/public/amsfonts/cm/cmsy5.pfb><E:/SMU Programmi
ng/miktex/fonts/type1/public/amsfonts/cm/cmsy7.pfb><E:/SMU Programming/miktex/f
onts/type1/public/amsfonts/symbols/msbm10.pfb>
Output written on Part1&2&3.pdf (8 pages, 976804 bytes).
PDF statistics:
 167 PDF objects out of 1000 (max. 8388607)
 0 named destinations out of 1000 (max. 500000)
 172 words of extra memory for PDF output out of 10000 (max. 10000000)

